c:\users\user\desktop\fullfw\fullfw\fullfw\x64\debug\vc143.pdb
c:\users\user\desktop\fullfw\fullfw\fullfw\x64\debug\vc143.idb
c:\users\user\desktop\fullfw\fullfw\fullfw\x64\debug\wheel.obj
c:\users\user\desktop\fullfw\fullfw\fullfw\x64\debug\userinput.obj
c:\users\user\desktop\fullfw\fullfw\fullfw\x64\debug\reflector.obj
c:\users\user\desktop\fullfw\fullfw\fullfw\x64\debug\redfileinterface.obj
c:\users\user\desktop\fullfw\fullfw\fullfw\x64\debug\plugboard.obj
c:\users\user\desktop\fullfw\fullfw\fullfw\x64\debug\fullfw.obj
c:\users\user\desktop\fullfw\fullfw\fullfw\x64\debug\blackfileinterface.obj
c:\users\user\desktop\fullfw\fullfw\x64\debug\fullfw.exe
c:\users\user\desktop\fullfw\fullfw\x64\debug\fullfw.pdb
c:\users\user\desktop\fullfw\fullfw\fullfw\x64\debug\fullfw.ilk
c:\users\user\desktop\fullfw\fullfw\fullfw\x64\debug\fullfw.tlog\cl.command.1.tlog
c:\users\user\desktop\fullfw\fullfw\fullfw\x64\debug\fullfw.tlog\cl.items.tlog
c:\users\user\desktop\fullfw\fullfw\fullfw\x64\debug\fullfw.tlog\cl.read.1.tlog
c:\users\user\desktop\fullfw\fullfw\fullfw\x64\debug\fullfw.tlog\cl.write.1.tlog
c:\users\user\desktop\fullfw\fullfw\fullfw\x64\debug\fullfw.tlog\link.command.1.tlog
c:\users\user\desktop\fullfw\fullfw\fullfw\x64\debug\fullfw.tlog\link.read.1.tlog
c:\users\user\desktop\fullfw\fullfw\fullfw\x64\debug\fullfw.tlog\link.secondary.1.tlog
c:\users\user\desktop\fullfw\fullfw\fullfw\x64\debug\fullfw.tlog\link.write.1.tlog
